# JRE version: OpenJDK Runtime Environment (8.0_91-b14) (build 1.8.0_91-8u91-b14-3ubuntu1~16.04.1-b14)
# Java VM: OpenJDK 64-Bit Server VM (25.91-b14 mixed mode linux-amd64 compressed oops)
Heap:
 PSYoungGen      total 667136K, used 0K [0x00000000d7400000, 0x0000000100000000, 0x0000000100000000)
  eden space 666624K, 0% used [0x00000000d7400000,0x00000000d7400000,0x00000000fff00000)
  from space 512K, 0% used [0x00000000fff80000,0x00000000fff80000,0x0000000100000000)
  to   space 512K, 0% used [0x00000000fff00000,0x00000000fff00000,0x00000000fff80000)
 ParOldGen       total 968704K, used 130451K [0x0000000085c00000, 0x00000000c0e00000, 0x00000000d7400000)
  object space 968704K, 13% used [0x0000000085c00000,0x000000008db64c00,0x00000000c0e00000)
 Metaspace       used 22284K, capacity 22542K, committed 22704K, reserved 1069056K
  class space    used 2361K, capacity 2435K, committed 2560K, reserved 1048576K
GC Heap History (10 events):
Event: 79.427 GC heap after
Heap after GC invocations=107 (full 15):
 PSYoungGen      total 667136K, used 192K [0x00000000d7400000, 0x0000000100000000, 0x0000000100000000)
  eden space 666624K, 0% used [0x00000000d7400000,0x00000000d7400000,0x00000000fff00000)
  from space 512K, 37% used [0x00000000fff80000,0x00000000fffb0000,0x0000000100000000)
  to   space 512K, 0% used [0x00000000fff00000,0x00000000fff00000,0x00000000fff80000)
 ParOldGen       total 968704K, used 335156K [0x0000000085c00000, 0x00000000c0e00000, 0x00000000d7400000)
  object space 968704K, 34% used [0x0000000085c00000,0x000000009a34d068,0x00000000c0e00000)
 Metaspace       used 22276K, capacity 22542K, committed 22704K, reserved 1069056K
  class space    used 2361K, capacity 2435K, committed 2560K, reserved 1048576K
}
Event: 79.941 GC heap before
{Heap before GC invocations=108 (full 15):
 PSYoungGen      total 667136K, used 642761K [0x00000000d7400000, 0x0000000100000000, 0x0000000100000000)
  eden space 666624K, 96% used [0x00000000d7400000,0x00000000fe782440,0x00000000fff00000)
  from space 512K, 37% used [0x00000000fff80000,0x00000000fffb0000,0x0000000100000000)
  to   space 512K, 0% used [0x00000000fff00000,0x00000000fff00000,0x00000000fff80000)
 ParOldGen       total 968704K, used 335156K [0x0000000085c00000, 0x00000000c0e00000, 0x00000000d7400000)
  object space 968704K, 34% used [0x0000000085c00000,0x000000009a34d068,0x00000000c0e00000)
 Metaspace       used 22278K, capacity 22542K, committed 22704K, reserved 1069056K
  class space    used 2361K, capacity 2435K, committed 2560K, reserved 1048576K
Event: 79.944 GC heap after
Heap after GC invocations=108 (full 15):
 PSYoungGen      total 667136K, used 128K [0x00000000d7400000, 0x0000000100000000, 0x0000000100000000)
  eden space 666624K, 0% used [0x00000000d7400000,0x00000000d7400000,0x00000000fff00000)
  from space 512K, 25% used [0x00000000fff00000,0x00000000fff20000,0x00000000fff80000)
  to   space 512K, 0% used [0x00000000fff80000,0x00000000fff80000,0x0000000100000000)
 ParOldGen       total 968704K, used 335156K [0x0000000085c00000, 0x00000000c0e00000, 0x00000000d7400000)
  object space 968704K, 34% used [0x0000000085c00000,0x000000009a34d068,0x00000000c0e00000)
 Metaspace       used 22278K, capacity 22542K, committed 22704K, reserved 1069056K
  class space    used 2361K, capacity 2435K, committed 2560K, reserved 1048576K
}
Event: 80.394 GC heap before
{Heap before GC invocations=109 (full 15):
 PSYoungGen      total 667136K, used 666752K [0x00000000d7400000, 0x0000000100000000, 0x0000000100000000)
  eden space 666624K, 100% used [0x00000000d7400000,0x00000000fff00000,0x00000000fff00000)
  from space 512K, 25% used [0x00000000fff00000,0x00000000fff20000,0x00000000fff80000)
  to   space 512K, 0% used [0x00000000fff80000,0x00000000fff80000,0x0000000100000000)
 ParOldGen       total 968704K, used 335156K [0x0000000085c00000, 0x00000000c0e00000, 0x00000000d7400000)
  object space 968704K, 34% used [0x0000000085c00000,0x000000009a34d068,0x00000000c0e00000)
 Metaspace       used 22282K, capacity 22542K, committed 22704K, reserved 1069056K
  class space    used 2361K, capacity 2435K, committed 2560K, reserved 1048576K
Event: 80.441 GC heap after
Heap after GC invocations=109 (full 15):
 PSYoungGen      total 667136K, used 224K [0x00000000d7400000, 0x0000000100000000, 0x0000000100000000)
  eden space 666624K, 0% used [0x00000000d7400000,0x00000000d7400000,0x00000000fff00000)
  from space 512K, 43% used [0x00000000fff80000,0x00000000fffb8000,0x0000000100000000)
  to   space 512K, 0% used [0x00000000fff00000,0x00000000fff00000,0x00000000fff80000)
 ParOldGen       total 968704K, used 539956K [0x0000000085c00000, 0x00000000c0e00000, 0x00000000d7400000)
  object space 968704K, 55% used [0x0000000085c00000,0x00000000a6b4d088,0x00000000c0e00000)
 Metaspace       used 22282K, capacity 22542K, committed 22704K, reserved 1069056K
  class space    used 2361K, capacity 2435K, committed 2560K, reserved 1048576K
}
Event: 80.962 GC heap before
{Heap before GC invocations=110 (full 15):
 PSYoungGen      total 667136K, used 641568K [0x00000000d7400000, 0x0000000100000000, 0x0000000100000000)
  eden space 666624K, 96% used [0x00000000d7400000,0x00000000fe650278,0x00000000fff00000)
  from space 512K, 43% used [0x00000000fff80000,0x00000000fffb8000,0x0000000100000000)
  to   space 512K, 0% used [0x00000000fff00000,0x00000000fff00000,0x00000000fff80000)
 ParOldGen       total 968704K, used 539956K [0x0000000085c00000, 0x00000000c0e00000, 0x00000000d7400000)
  object space 968704K, 55% used [0x0000000085c00000,0x00000000a6b4d088,0x00000000c0e00000)
 Metaspace       used 22282K, capacity 22542K, committed 22704K, reserved 1069056K
  class space    used 2361K, capacity 2435K, committed 2560K, reserved 1048576K
Event: 80.966 GC heap after
Heap after GC invocations=110 (full 15):
 PSYoungGen      total 667136K, used 224K [0x00000000d7400000, 0x0000000100000000, 0x0000000100000000)
  eden space 666624K, 0% used [0x00000000d7400000,0x00000000d7400000,0x00000000fff00000)
  from space 512K, 43% used [0x00000000fff00000,0x00000000fff38000,0x00000000fff80000)
  to   space 512K, 0% used [0x00000000fff80000,0x00000000fff80000,0x0000000100000000)
 ParOldGen       total 968704K, used 539956K [0x0000000085c00000, 0x00000000c0e00000, 0x00000000d7400000)
  object space 968704K, 55% used [0x0000000085c00000,0x00000000a6b4d088,0x00000000c0e00000)
 Metaspace       used 22282K, capacity 22542K, committed 22704K, reserved 1069056K
  class space    used 2361K, capacity 2435K, committed 2560K, reserved 1048576K
}
Event: 81.335 GC heap before
{Heap before GC invocations=111 (full 15):
 PSYoungGen      total 667136K, used 666848K [0x00000000d7400000, 0x0000000100000000, 0x0000000100000000)
  eden space 666624K, 100% used [0x00000000d7400000,0x00000000fff00000,0x00000000fff00000)
  from space 512K, 43% used [0x00000000fff00000,0x00000000fff38000,0x00000000fff80000)
  to   space 512K, 0% used [0x00000000fff80000,0x00000000fff80000,0x0000000100000000)
 ParOldGen       total 968704K, used 539956K [0x0000000085c00000, 0x00000000c0e00000, 0x00000000d7400000)
  object space 968704K, 55% used [0x0000000085c00000,0x00000000a6b4d088,0x00000000c0e00000)
 Metaspace       used 22284K, capacity 22542K, committed 22704K, reserved 1069056K
  class space    used 2361K, capacity 2435K, committed 2560K, reserved 1048576K
Event: 81.505 GC heap after
Heap after GC invocations=111 (full 15):
 PSYoungGen      total 667136K, used 256K [0x00000000d7400000, 0x0000000100000000, 0x0000000100000000)
  eden space 666624K, 0% used [0x00000000d7400000,0x00000000d7400000,0x00000000fff00000)
  from space 512K, 50% used [0x00000000fff80000,0x00000000fffc0000,0x0000000100000000)
  to   space 512K, 0% used [0x00000000fff00000,0x00000000fff00000,0x00000000fff80000)
 ParOldGen       total 968704K, used 744756K [0x0000000085c00000, 0x00000000c0e00000, 0x00000000d7400000)
  object space 968704K, 76% used [0x0000000085c00000,0x00000000b334d0a8,0x00000000c0e00000)
 Metaspace       used 22284K, capacity 22542K, committed 22704K, reserved 1069056K
  class space    used 2361K, capacity 2435K, committed 2560K, reserved 1048576K
}
Event: 81.505 GC heap before
{Heap before GC invocations=112 (full 16):
 PSYoungGen      total 667136K, used 256K [0x00000000d7400000, 0x0000000100000000, 0x0000000100000000)
  eden space 666624K, 0% used [0x00000000d7400000,0x00000000d7400000,0x00000000fff00000)
  from space 512K, 50% used [0x00000000fff80000,0x00000000fffc0000,0x0000000100000000)
  to   space 512K, 0% used [0x00000000fff00000,0x00000000fff00000,0x00000000fff80000)
 ParOldGen       total 968704K, used 744756K [0x0000000085c00000, 0x00000000c0e00000, 0x00000000d7400000)
  object space 968704K, 76% used [0x0000000085c00000,0x00000000b334d0a8,0x00000000c0e00000)
 Metaspace       used 22284K, capacity 22542K, committed 22704K, reserved 1069056K
  class space    used 2361K, capacity 2435K, committed 2560K, reserved 1048576K

