# JRE version: OpenJDK Runtime Environment (8.0_91-b14) (build 1.8.0_91-8u91-b14-3ubuntu1~16.04.1-b14)
# Java VM: OpenJDK 64-Bit Server VM (25.91-b14 mixed mode linux-amd64 compressed oops)
Heap:
 PSYoungGen      total 62976K, used 19828K [0x00000000d7400000, 0x00000000db900000, 0x0000000100000000)
  eden space 57344K, 31% used [0x00000000d7400000,0x00000000d859fc08,0x00000000dac00000)
  from space 5632K, 31% used [0x00000000db380000,0x00000000db53d630,0x00000000db900000)
  to   space 6656K, 0% used [0x00000000dac00000,0x00000000dac00000,0x00000000db280000)
 ParOldGen       total 1195520K, used 1135640K [0x0000000085c00000, 0x00000000ceb80000, 0x00000000d7400000)
  object space 1195520K, 94% used [0x0000000085c00000,0x00000000cb106170,0x00000000ceb80000)
 Metaspace       used 22922K, capacity 23236K, committed 23424K, reserved 1071104K
  class space    used 2484K, capacity 2572K, committed 2688K, reserved 1048576K
GC Heap History (10 events):
Event: 31.183 GC heap before
{Heap before GC invocations=16 (full 2):
 PSYoungGen      total 34816K, used 0K [0x00000000d7400000, 0x00000000dae00000, 0x0000000100000000)
  eden space 26624K, 0% used [0x00000000d7400000,0x00000000d7400000,0x00000000d8e00000)
  from space 8192K, 0% used [0x00000000d9600000,0x00000000d9600000,0x00000000d9e00000)
  to   space 8192K, 0% used [0x00000000d8e00000,0x00000000d8e00000,0x00000000d9600000)
 ParOldGen       total 1335296K, used 1237530K [0x0000000085c00000, 0x00000000d7400000, 0x00000000d7400000)
  object space 1335296K, 92% used [0x0000000085c00000,0x00000000d1486ab8,0x00000000d7400000)
 Metaspace       used 22620K, capacity 22932K, committed 23088K, reserved 1069056K
  class space    used 2479K, capacity 2564K, committed 2688K, reserved 1048576K
Event: 31.534 GC heap after
Heap after GC invocations=16 (full 2):
 PSYoungGen      total 34816K, used 0K [0x00000000d7400000, 0x00000000dae00000, 0x0000000100000000)
  eden space 26624K, 0% used [0x00000000d7400000,0x00000000d7400000,0x00000000d8e00000)
  from space 8192K, 0% used [0x00000000d9600000,0x00000000d9600000,0x00000000d9e00000)
  to   space 8192K, 0% used [0x00000000d8e00000,0x00000000d8e00000,0x00000000d9600000)
 ParOldGen       total 63488K, used 7950K [0x0000000085c00000, 0x0000000089a00000, 0x00000000d7400000)
  object space 63488K, 12% used [0x0000000085c00000,0x00000000863c3bc8,0x0000000089a00000)
 Metaspace       used 22620K, capacity 22932K, committed 23088K, reserved 1069056K
  class space    used 2479K, capacity 2564K, committed 2688K, reserved 1048576K
}
Event: 33.868 GC heap before
{Heap before GC invocations=17 (full 2):
 PSYoungGen      total 34816K, used 26624K [0x00000000d7400000, 0x00000000dae00000, 0x0000000100000000)
  eden space 26624K, 100% used [0x00000000d7400000,0x00000000d8e00000,0x00000000d8e00000)
  from space 8192K, 0% used [0x00000000d9600000,0x00000000d9600000,0x00000000d9e00000)
  to   space 8192K, 0% used [0x00000000d8e00000,0x00000000d8e00000,0x00000000d9600000)
 ParOldGen       total 269312K, used 212750K [0x0000000085c00000, 0x0000000096300000, 0x00000000d7400000)
  object space 269312K, 78% used [0x0000000085c00000,0x0000000092bc3be8,0x0000000096300000)
 Metaspace       used 22695K, capacity 23038K, committed 23168K, reserved 1069056K
  class space    used 2483K, capacity 2571K, committed 2688K, reserved 1048576K
Event: 33.870 GC heap after
Heap after GC invocations=17 (full 2):
 PSYoungGen      total 34816K, used 1538K [0x00000000d7400000, 0x00000000dac80000, 0x0000000100000000)
  eden space 26624K, 0% used [0x00000000d7400000,0x00000000d7400000,0x00000000d8e00000)
  from space 8192K, 18% used [0x00000000d8e00000,0x00000000d8f809d8,0x00000000d9600000)
  to   space 7680K, 0% used [0x00000000da500000,0x00000000da500000,0x00000000dac80000)
 ParOldGen       total 269312K, used 212758K [0x0000000085c00000, 0x0000000096300000, 0x00000000d7400000)
  object space 269312K, 79% used [0x0000000085c00000,0x0000000092bc5be8,0x0000000096300000)
 Metaspace       used 22695K, capacity 23038K, committed 23168K, reserved 1069056K
  class space    used 2483K, capacity 2571K, committed 2688K, reserved 1048576K
}
Event: 35.283 GC heap before
{Heap before GC invocations=18 (full 2):
 PSYoungGen      total 34816K, used 28162K [0x00000000d7400000, 0x00000000dac80000, 0x0000000100000000)
  eden space 26624K, 100% used [0x00000000d7400000,0x00000000d8e00000,0x00000000d8e00000)
  from space 8192K, 18% used [0x00000000d8e00000,0x00000000d8f809d8,0x00000000d9600000)
  to   space 7680K, 0% used [0x00000000da500000,0x00000000da500000,0x00000000dac80000)
 ParOldGen       total 475136K, used 417559K [0x0000000085c00000, 0x00000000a2c00000, 0x00000000d7400000)
  object space 475136K, 87% used [0x0000000085c00000,0x000000009f3c5c08,0x00000000a2c00000)
 Metaspace       used 22788K, capacity 23102K, committed 23424K, reserved 1071104K
  class space    used 2483K, capacity 2571K, committed 2688K, reserved 1048576K
Event: 35.288 GC heap after
Heap after GC invocations=18 (full 2):
 PSYoungGen      total 48128K, used 1442K [0x00000000d7400000, 0x00000000dab00000, 0x0000000100000000)
  eden space 41984K, 0% used [0x00000000d7400000,0x00000000d7400000,0x00000000d9d00000)
  from space 6144K, 23% used [0x00000000da500000,0x00000000da668bd0,0x00000000dab00000)
  to   space 7168K, 0% used [0x00000000d9d00000,0x00000000d9d00000,0x00000000da400000)
 ParOldGen       total 475136K, used 417975K [0x0000000085c00000, 0x00000000a2c00000, 0x00000000d7400000)
  object space 475136K, 87% used [0x0000000085c00000,0x000000009f42dc88,0x00000000a2c00000)
 Metaspace       used 22788K, capacity 23102K, committed 23424K, reserved 1071104K
  class space    used 2483K, capacity 2571K, committed 2688K, reserved 1048576K
}
Event: 37.950 GC heap before
{Heap before GC invocations=19 (full 2):
 PSYoungGen      total 48128K, used 43426K [0x00000000d7400000, 0x00000000dab00000, 0x0000000100000000)
  eden space 41984K, 100% used [0x00000000d7400000,0x00000000d9d00000,0x00000000d9d00000)
  from space 6144K, 23% used [0x00000000da500000,0x00000000da668bd0,0x00000000dab00000)
  to   space 7168K, 0% used [0x00000000d9d00000,0x00000000d9d00000,0x00000000da400000)
 ParOldGen       total 886784K, used 827575K [0x0000000085c00000, 0x00000000bbe00000, 0x00000000d7400000)
  object space 886784K, 93% used [0x0000000085c00000,0x00000000b842dcc8,0x00000000bbe00000)
 Metaspace       used 22883K, capacity 23172K, committed 23424K, reserved 1071104K
  class space    used 2484K, capacity 2572K, committed 2688K, reserved 1048576K
Event: 38.008 GC heap after
Heap after GC invocations=19 (full 2):
 PSYoungGen      total 49152K, used 1554K [0x00000000d7400000, 0x00000000dba80000, 0x0000000100000000)
  eden space 41984K, 0% used [0x00000000d7400000,0x00000000d7400000,0x00000000d9d00000)
  from space 7168K, 21% used [0x00000000d9d00000,0x00000000d9e84950,0x00000000da400000)
  to   space 7168K, 0% used [0x00000000db380000,0x00000000db380000,0x00000000dba80000)
 ParOldGen       total 886784K, used 827915K [0x0000000085c00000, 0x00000000bbe00000, 0x00000000d7400000)
  object space 886784K, 93% used [0x0000000085c00000,0x00000000b8482d18,0x00000000bbe00000)
 Metaspace       used 22883K, capacity 23172K, committed 23424K, reserved 1071104K
  class space    used 2484K, capacity 2572K, committed 2688K, reserved 1048576K
}
Event: 40.775 GC heap before
{Heap before GC invocations=20 (full 2):
 PSYoungGen      total 49152K, used 43538K [0x00000000d7400000, 0x00000000dba80000, 0x0000000100000000)
  eden space 41984K, 100% used [0x00000000d7400000,0x00000000d9d00000,0x00000000d9d00000)
  from space 7168K, 21% used [0x00000000d9d00000,0x00000000d9e84950,0x00000000da400000)
  to   space 7168K, 0% used [0x00000000db380000,0x00000000db380000,0x00000000dba80000)
 ParOldGen       total 1092608K, used 1032715K [0x0000000085c00000, 0x00000000c8700000, 0x00000000d7400000)
  object space 1092608K, 94% used [0x0000000085c00000,0x00000000c4c82d38,0x00000000c8700000)
 Metaspace       used 22920K, capacity 23236K, committed 23424K, reserved 1071104K
  class space    used 2484K, capacity 2572K, committed 2688K, reserved 1048576K
Event: 40.786 GC heap after
Heap after GC invocations=20 (full 2):
 PSYoungGen      total 62976K, used 1781K [0x00000000d7400000, 0x00000000db900000, 0x0000000100000000)
  eden space 57344K, 0% used [0x00000000d7400000,0x00000000d7400000,0x00000000dac00000)
  from space 5632K, 31% used [0x00000000db380000,0x00000000db53d630,0x00000000db900000)
  to   space 6656K, 0% used [0x00000000dac00000,0x00000000dac00000,0x00000000db280000)
 ParOldGen       total 1092608K, used 1033240K [0x0000000085c00000, 0x00000000c8700000, 0x00000000d7400000)
  object space 1092608K, 94% used [0x0000000085c00000,0x00000000c4d06160,0x00000000c8700000)
 Metaspace       used 22920K, capacity 23236K, committed 23424K, reserved 1071104K
  class space    used 2484K, capacity 2572K, committed 2688K, reserved 1048576K
}

