# JRE version: OpenJDK Runtime Environment (8.0_91-b14) (build 1.8.0_91-8u91-b14-3ubuntu1~16.04.1-b14)
# Java VM: OpenJDK 64-Bit Server VM (25.91-b14 mixed mode linux-amd64 compressed oops)
Heap:
 PSYoungGen      total 1379840K, used 796168K [0x000000076ab00000, 0x00000007bfe80000, 0x00000007c0000000)
  eden space 1365504K, 58% used [0x000000076ab00000,0x000000079b3391d0,0x00000007be080000)
  from space 14336K, 9% used [0x00000007be080000,0x00000007be1c8fc0,0x00000007bee80000)
  to   space 13824K, 0% used [0x00000007bf100000,0x00000007bf100000,0x00000007bfe80000)
 ParOldGen       total 1398272K, used 585371K [0x00000006c0000000, 0x0000000715580000, 0x000000076ab00000)
  object space 1398272K, 41% used [0x00000006c0000000,0x00000006e3ba6da8,0x0000000715580000)
 Metaspace       used 23397K, capacity 23728K, committed 23936K, reserved 1071104K
  class space    used 2512K, capacity 2606K, committed 2688K, reserved 1048576K
GC Heap History (10 events):
Event: 19.645 GC heap before
{Heap before GC invocations=6 (full 1):
 PSYoungGen      total 1290240K, used 1206152K [0x000000076ab00000, 0x00000007c0000000, 0x00000007c0000000)
  eden space 1203200K, 100% used [0x000000076ab00000,0x00000007b4200000,0x00000007b4200000)
  from space 87040K, 3% used [0x00000007b9700000,0x00000007b99e2370,0x00000007bec00000)
  to   space 87040K, 0% used [0x00000007b4200000,0x00000007b4200000,0x00000007b9700000)
 ParOldGen       total 1398272K, used 118051K [0x00000006c0000000, 0x0000000715580000, 0x000000076ab00000)
  object space 1398272K, 8% used [0x00000006c0000000,0x00000006c7348d48,0x0000000715580000)
 Metaspace       used 23159K, capacity 23466K, committed 23680K, reserved 1071104K
  class space    used 2511K, capacity 2605K, committed 2688K, reserved 1048576K
Event: 19.648 GC heap after
Heap after GC invocations=6 (full 1):
 PSYoungGen      total 1205248K, used 1731K [0x000000076ab00000, 0x00000007b9780000, 0x00000007c0000000)
  eden space 1203200K, 0% used [0x000000076ab00000,0x000000076ab00000,0x00000007b4200000)
  from space 2048K, 84% used [0x00000007b4200000,0x00000007b43b0c10,0x00000007b4400000)
  to   space 16896K, 0% used [0x00000007b8700000,0x00000007b8700000,0x00000007b9780000)
 ParOldGen       total 1398272K, used 118059K [0x00000006c0000000, 0x0000000715580000, 0x000000076ab00000)
  object space 1398272K, 8% used [0x00000006c0000000,0x00000006c734ad48,0x0000000715580000)
 Metaspace       used 23159K, capacity 23466K, committed 23680K, reserved 1071104K
  class space    used 2511K, capacity 2605K, committed 2688K, reserved 1048576K
}
Event: 29.932 GC heap before
{Heap before GC invocations=7 (full 1):
 PSYoungGen      total 1205248K, used 1147555K [0x000000076ab00000, 0x00000007b9780000, 0x00000007c0000000)
  eden space 1203200K, 95% used [0x000000076ab00000,0x00000007b09f8158,0x00000007b4200000)
  from space 2048K, 84% used [0x00000007b4200000,0x00000007b43b0c10,0x00000007b4400000)
  to   space 16896K, 0% used [0x00000007b8700000,0x00000007b8700000,0x00000007b9780000)
 ParOldGen       total 1398272K, used 118059K [0x00000006c0000000, 0x0000000715580000, 0x000000076ab00000)
  object space 1398272K, 8% used [0x00000006c0000000,0x00000006c734ad48,0x0000000715580000)
 Metaspace       used 23324K, capacity 23594K, committed 23936K, reserved 1071104K
  class space    used 2511K, capacity 2605K, committed 2688K, reserved 1048576K
Event: 29.937 GC heap after
Heap after GC invocations=7 (full 1):
 PSYoungGen      total 1274880K, used 2405K [0x000000076ab00000, 0x00000007c0000000, 0x00000007c0000000)
  eden space 1257984K, 0% used [0x000000076ab00000,0x000000076ab00000,0x00000007b7780000)
  from space 16896K, 14% used [0x00000007b8700000,0x00000007b89597b0,0x00000007b9780000)
  to   space 15872K, 0% used [0x00000007b7780000,0x00000007b7780000,0x00000007b8700000)
 ParOldGen       total 1398272K, used 118067K [0x00000006c0000000, 0x0000000715580000, 0x000000076ab00000)
  object space 1398272K, 8% used [0x00000006c0000000,0x00000006c734cd48,0x0000000715580000)
 Metaspace       used 23324K, capacity 23594K, committed 23936K, reserved 1071104K
  class space    used 2511K, capacity 2605K, committed 2688K, reserved 1048576K
}
Event: 30.887 GC heap before
{Heap before GC invocations=8 (full 1):
 PSYoungGen      total 1274880K, used 1260389K [0x000000076ab00000, 0x00000007c0000000, 0x00000007c0000000)
  eden space 1257984K, 100% used [0x000000076ab00000,0x00000007b7780000,0x00000007b7780000)
  from space 16896K, 14% used [0x00000007b8700000,0x00000007b89597b0,0x00000007b9780000)
  to   space 15872K, 0% used [0x00000007b7780000,0x00000007b7780000,0x00000007b8700000)
 ParOldGen       total 1398272K, used 118067K [0x00000006c0000000, 0x0000000715580000, 0x000000076ab00000)
  object space 1398272K, 8% used [0x00000006c0000000,0x00000006c734cd48,0x0000000715580000)
 Metaspace       used 23357K, capacity 23722K, committed 23936K, reserved 1071104K
  class space    used 2511K, capacity 2605K, committed 2688K, reserved 1048576K
Event: 30.982 GC heap after
Heap after GC invocations=8 (full 1):
 PSYoungGen      total 1273856K, used 864K [0x000000076ab00000, 0x00000007bfd00000, 0x00000007c0000000)
  eden space 1257984K, 0% used [0x000000076ab00000,0x000000076ab00000,0x00000007b7780000)
  from space 15872K, 5% used [0x00000007b7780000,0x00000007b7858010,0x00000007b8700000)
  to   space 14848K, 0% used [0x00000007bee80000,0x00000007bee80000,0x00000007bfd00000)
 ParOldGen       total 1398272K, used 322875K [0x00000006c0000000, 0x0000000715580000, 0x000000076ab00000)
  object space 1398272K, 23% used [0x00000006c0000000,0x00000006d3b4ed68,0x0000000715580000)
 Metaspace       used 23357K, capacity 23722K, committed 23936K, reserved 1071104K
  class space    used 2511K, capacity 2605K, committed 2688K, reserved 1048576K
}
Event: 36.083 GC heap before
{Heap before GC invocations=9 (full 1):
 PSYoungGen      total 1273856K, used 1258848K [0x000000076ab00000, 0x00000007bfd00000, 0x00000007c0000000)
  eden space 1257984K, 100% used [0x000000076ab00000,0x00000007b7780000,0x00000007b7780000)
  from space 15872K, 5% used [0x00000007b7780000,0x00000007b7858010,0x00000007b8700000)
  to   space 14848K, 0% used [0x00000007bee80000,0x00000007bee80000,0x00000007bfd00000)
 ParOldGen       total 1398272K, used 322875K [0x00000006c0000000, 0x0000000715580000, 0x000000076ab00000)
  object space 1398272K, 23% used [0x00000006c0000000,0x00000006d3b4ed68,0x0000000715580000)
 Metaspace       used 23366K, capacity 23728K, committed 23936K, reserved 1071104K
  class space    used 2512K, capacity 2606K, committed 2688K, reserved 1048576K
Event: 36.086 GC heap after
Heap after GC invocations=9 (full 1):
 PSYoungGen      total 1380352K, used 1024K [0x000000076ab00000, 0x00000007bfe00000, 0x00000007c0000000)
  eden space 1365504K, 0% used [0x000000076ab00000,0x000000076ab00000,0x00000007be080000)
  from space 14848K, 6% used [0x00000007bee80000,0x00000007bef80040,0x00000007bfd00000)
  to   space 14336K, 0% used [0x00000007be080000,0x00000007be080000,0x00000007bee80000)
 ParOldGen       total 1398272K, used 322883K [0x00000006c0000000, 0x0000000715580000, 0x000000076ab00000)
  object space 1398272K, 23% used [0x00000006c0000000,0x00000006d3b50d68,0x0000000715580000)
 Metaspace       used 23366K, capacity 23728K, committed 23936K, reserved 1071104K
  class space    used 2512K, capacity 2606K, committed 2688K, reserved 1048576K
}
Event: 132.267 GC heap before
{Heap before GC invocations=10 (full 1):
 PSYoungGen      total 1380352K, used 1245135K [0x000000076ab00000, 0x00000007bfe00000, 0x00000007c0000000)
  eden space 1365504K, 91% used [0x000000076ab00000,0x00000007b69f3f98,0x00000007be080000)
  from space 14848K, 6% used [0x00000007bee80000,0x00000007bef80040,0x00000007bfd00000)
  to   space 14336K, 0% used [0x00000007be080000,0x00000007be080000,0x00000007bee80000)
 ParOldGen       total 1398272K, used 322883K [0x00000006c0000000, 0x0000000715580000, 0x000000076ab00000)
  object space 1398272K, 23% used [0x00000006c0000000,0x00000006d3b50d68,0x0000000715580000)
 Metaspace       used 23396K, capacity 23728K, committed 23936K, reserved 1071104K
  class space    used 2512K, capacity 2606K, committed 2688K, reserved 1048576K
Event: 132.537 GC heap after
Heap after GC invocations=10 (full 1):
 PSYoungGen      total 1379840K, used 1315K [0x000000076ab00000, 0x00000007bfe80000, 0x00000007c0000000)
  eden space 1365504K, 0% used [0x000000076ab00000,0x000000076ab00000,0x00000007be080000)
  from space 14336K, 9% used [0x00000007be080000,0x00000007be1c8fc0,0x00000007bee80000)
  to   space 13824K, 0% used [0x00000007bf100000,0x00000007bf100000,0x00000007bfe80000)
 ParOldGen       total 1398272K, used 585371K [0x00000006c0000000, 0x0000000715580000, 0x000000076ab00000)
  object space 1398272K, 41% used [0x00000006c0000000,0x00000006e3ba6da8,0x0000000715580000)
 Metaspace       used 23396K, capacity 23728K, committed 23936K, reserved 1071104K
  class space    used 2512K, capacity 2606K, committed 2688K, reserved 1048576K
}

