# JRE version: OpenJDK Runtime Environment (8.0_91-b14) (build 1.8.0_91-8u91-b14-3ubuntu1~16.04.1-b14)
# Java VM: OpenJDK 64-Bit Server VM (25.91-b14 mixed mode linux-amd64 compressed oops)
Heap:
 PSYoungGen      total 480768K, used 1378K [0x00000000d7400000, 0x00000000f5080000, 0x0000000100000000)
  eden space 473600K, 0% used [0x00000000d7400000,0x00000000d7400000,0x00000000f4280000)
  from space 7168K, 19% used [0x00000000f4280000,0x00000000f43d8bd0,0x00000000f4980000)
  to   space 5120K, 0% used [0x00000000f4b80000,0x00000000f4b80000,0x00000000f5080000)
 ParOldGen       total 1001984K, used 932723K [0x0000000085c00000, 0x00000000c2e80000, 0x00000000d7400000)
  object space 1001984K, 93% used [0x0000000085c00000,0x00000000beadcf38,0x00000000c2e80000)
 Metaspace       used 23330K, capacity 23638K, committed 23936K, reserved 1071104K
  class space    used 2482K, capacity 2571K, committed 2688K, reserved 1048576K
GC Heap History (10 events):
Event: 6117.342 GC heap after
Heap after GC invocations=16 (full 2):
 PSYoungGen      total 223744K, used 1186K [0x00000000d7400000, 0x00000000e5680000, 0x0000000100000000)
  eden space 216576K, 0% used [0x00000000d7400000,0x00000000d7400000,0x00000000e4780000)
  from space 7168K, 16% used [0x00000000e4f80000,0x00000000e50a8bf0,0x00000000e5680000)
  to   space 7680K, 0% used [0x00000000e4780000,0x00000000e4780000,0x00000000e4f00000)
 ParOldGen       total 1001984K, used 930845K [0x0000000085c00000, 0x00000000c2e80000, 0x00000000d7400000)
  object space 1001984K, 92% used [0x0000000085c00000,0x00000000be907528,0x00000000c2e80000)
 Metaspace       used 23122K, capacity 23422K, committed 23680K, reserved 1071104K
  class space    used 2479K, capacity 2567K, committed 2688K, reserved 1048576K
}
Event: 6117.492 GC heap before
{Heap before GC invocations=17 (full 2):
 PSYoungGen      total 223744K, used 130151K [0x00000000d7400000, 0x00000000e5680000, 0x0000000100000000)
  eden space 216576K, 59% used [0x00000000d7400000,0x00000000df1f1138,0x00000000e4780000)
  from space 7168K, 16% used [0x00000000e4f80000,0x00000000e50a8bf0,0x00000000e5680000)
  to   space 7680K, 0% used [0x00000000e4780000,0x00000000e4780000,0x00000000e4f00000)
 ParOldGen       total 1001984K, used 930845K [0x0000000085c00000, 0x00000000c2e80000, 0x00000000d7400000)
  object space 1001984K, 92% used [0x0000000085c00000,0x00000000be907528,0x00000000c2e80000)
 Metaspace       used 23126K, capacity 23422K, committed 23680K, reserved 1071104K
  class space    used 2479K, capacity 2567K, committed 2688K, reserved 1048576K
Event: 6117.505 GC heap after
Heap after GC invocations=17 (full 2):
 PSYoungGen      total 224256K, used 641K [0x00000000d7400000, 0x00000000ed280000, 0x0000000100000000)
  eden space 216576K, 0% used [0x00000000d7400000,0x00000000d7400000,0x00000000e4780000)
  from space 7680K, 8% used [0x00000000e4780000,0x00000000e48205e8,0x00000000e4f00000)
  to   space 7680K, 0% used [0x00000000ecb00000,0x00000000ecb00000,0x00000000ed280000)
 ParOldGen       total 1001984K, used 931157K [0x0000000085c00000, 0x00000000c2e80000, 0x00000000d7400000)
  object space 1001984K, 92% used [0x0000000085c00000,0x00000000be955588,0x00000000c2e80000)
 Metaspace       used 23126K, capacity 23422K, committed 23680K, reserved 1071104K
  class space    used 2479K, capacity 2567K, committed 2688K, reserved 1048576K
}
Event: 6118.722 GC heap before
{Heap before GC invocations=18 (full 2):
 PSYoungGen      total 224256K, used 151328K [0x00000000d7400000, 0x00000000ed280000, 0x0000000100000000)
  eden space 216576K, 69% used [0x00000000d7400000,0x00000000e0727d38,0x00000000e4780000)
  from space 7680K, 8% used [0x00000000e4780000,0x00000000e48205e8,0x00000000e4f00000)
  to   space 7680K, 0% used [0x00000000ecb00000,0x00000000ecb00000,0x00000000ed280000)
 ParOldGen       total 1001984K, used 931157K [0x0000000085c00000, 0x00000000c2e80000, 0x00000000d7400000)
  object space 1001984K, 92% used [0x0000000085c00000,0x00000000be955588,0x00000000c2e80000)
 Metaspace       used 23186K, capacity 23486K, committed 23680K, reserved 1071104K
  class space    used 2480K, capacity 2567K, committed 2688K, reserved 1048576K
Event: 6118.774 GC heap after
Heap after GC invocations=18 (full 2):
 PSYoungGen      total 350208K, used 1250K [0x00000000d7400000, 0x00000000ed200000, 0x0000000100000000)
  eden space 343040K, 0% used [0x00000000d7400000,0x00000000d7400000,0x00000000ec300000)
  from space 7168K, 17% used [0x00000000ecb00000,0x00000000ecc38bd0,0x00000000ed200000)
  to   space 7680K, 0% used [0x00000000ec300000,0x00000000ec300000,0x00000000eca80000)
 ParOldGen       total 1001984K, used 931365K [0x0000000085c00000, 0x00000000c2e80000, 0x00000000d7400000)
  object space 1001984K, 92% used [0x0000000085c00000,0x00000000be9895b8,0x00000000c2e80000)
 Metaspace       used 23186K, capacity 23486K, committed 23680K, reserved 1071104K
  class space    used 2480K, capacity 2567K, committed 2688K, reserved 1048576K
}
Event: 6120.039 GC heap before
{Heap before GC invocations=19 (full 2):
 PSYoungGen      total 350208K, used 256269K [0x00000000d7400000, 0x00000000ed200000, 0x0000000100000000)
  eden space 343040K, 74% used [0x00000000d7400000,0x00000000e6d0aa20,0x00000000ec300000)
  from space 7168K, 17% used [0x00000000ecb00000,0x00000000ecc38bd0,0x00000000ed200000)
  to   space 7680K, 0% used [0x00000000ec300000,0x00000000ec300000,0x00000000eca80000)
 ParOldGen       total 1001984K, used 931365K [0x0000000085c00000, 0x00000000c2e80000, 0x00000000d7400000)
  object space 1001984K, 92% used [0x0000000085c00000,0x00000000be9895b8,0x00000000c2e80000)
 Metaspace       used 23219K, capacity 23486K, committed 23680K, reserved 1071104K
  class space    used 2480K, capacity 2567K, committed 2688K, reserved 1048576K
Event: 6120.046 GC heap after
Heap after GC invocations=19 (full 2):
 PSYoungGen      total 350720K, used 1314K [0x00000000d7400000, 0x00000000f5300000, 0x0000000100000000)
  eden space 343040K, 0% used [0x00000000d7400000,0x00000000d7400000,0x00000000ec300000)
  from space 7680K, 17% used [0x00000000ec300000,0x00000000ec448bd0,0x00000000eca80000)
  to   space 7680K, 0% used [0x00000000f4b80000,0x00000000f4b80000,0x00000000f5300000)
 ParOldGen       total 1001984K, used 931793K [0x0000000085c00000, 0x00000000c2e80000, 0x00000000d7400000)
  object space 1001984K, 92% used [0x0000000085c00000,0x00000000be9f4638,0x00000000c2e80000)
 Metaspace       used 23219K, capacity 23486K, committed 23680K, reserved 1071104K
  class space    used 2480K, capacity 2567K, committed 2688K, reserved 1048576K
}
Event: 6121.237 GC heap before
{Heap before GC invocations=20 (full 2):
 PSYoungGen      total 350720K, used 261741K [0x00000000d7400000, 0x00000000f5300000, 0x0000000100000000)
  eden space 343040K, 75% used [0x00000000d7400000,0x00000000e72528e8,0x00000000ec300000)
  from space 7680K, 17% used [0x00000000ec300000,0x00000000ec448bd0,0x00000000eca80000)
  to   space 7680K, 0% used [0x00000000f4b80000,0x00000000f4b80000,0x00000000f5300000)
 ParOldGen       total 1001984K, used 931793K [0x0000000085c00000, 0x00000000c2e80000, 0x00000000d7400000)
  object space 1001984K, 92% used [0x0000000085c00000,0x00000000be9f4638,0x00000000c2e80000)
 Metaspace       used 23254K, capacity 23574K, committed 23936K, reserved 1071104K
  class space    used 2482K, capacity 2571K, committed 2688K, reserved 1048576K
Event: 6121.243 GC heap after
Heap after GC invocations=20 (full 2):
 PSYoungGen      total 478720K, used 1282K [0x00000000d7400000, 0x00000000f5080000, 0x0000000100000000)
  eden space 473600K, 0% used [0x00000000d7400000,0x00000000d7400000,0x00000000f4280000)
  from space 5120K, 25% used [0x00000000f4b80000,0x00000000f4cc0bd0,0x00000000f5080000)
  to   space 7168K, 0% used [0x00000000f4280000,0x00000000f4280000,0x00000000f4980000)
 ParOldGen       total 1001984K, used 932281K [0x0000000085c00000, 0x00000000c2e80000, 0x00000000d7400000)
  object space 1001984K, 93% used [0x0000000085c00000,0x00000000bea6e6b8,0x00000000c2e80000)
 Metaspace       used 23254K, capacity 23574K, committed 23936K, reserved 1071104K
  class space    used 2482K, capacity 2571K, committed 2688K, reserved 1048576K
}
Event: 6133.866 GC heap before
{Heap before GC invocations=21 (full 2):
 PSYoungGen      total 478720K, used 474882K [0x00000000d7400000, 0x00000000f5080000, 0x0000000100000000)
  eden space 473600K, 100% used [0x00000000d7400000,0x00000000f4280000,0x00000000f4280000)
  from space 5120K, 25% used [0x00000000f4b80000,0x00000000f4cc0bd0,0x00000000f5080000)
  to   space 7168K, 0% used [0x00000000f4280000,0x00000000f4280000,0x00000000f4980000)
 ParOldGen       total 1001984K, used 932281K [0x0000000085c00000, 0x00000000c2e80000, 0x00000000d7400000)
  object space 1001984K, 93% used [0x0000000085c00000,0x00000000bea6e6b8,0x00000000c2e80000)
 Metaspace       used 23330K, capacity 23638K, committed 23936K, reserved 1071104K
  class space    used 2482K, capacity 2571K, committed 2688K, reserved 1048576K

